<?xml version="1.0" encoding="UTF-8"?>
<trace:TraceModel
    xmi:version="2.0"
    xmlns:xmi="http://www.omg.org/XMI"
    xmlns:trace="http://www.eclipse.org/gmf/2006/Trace">
  <nodeTraces
      visualID="2001"
      queryText="(let _eClass_:ecore::EClass = modelFacet.metaClass.ecoreClass in _eClass_.ePackage.nsURI = 'http://rwww.hyperflex.org/componentmodels.rapyuta' and _eClass_.name = 'Composite') and (let _containmentMF_:ecore::EStructuralFeature = modelFacet.containmentMetaFeature.ecoreFeature in (let _eClass_:ecore::EClass = _containmentMF_.eContainingClass in _eClass_.ePackage.nsURI = 'http://rwww.hyperflex.org/componentmodels.rapyuta' and _eClass_.name = 'System') and _containmentMF_.name = 'composites')">
    <nodeLabelTraces
        visualID="5007"
        queryText="true"/>
    <compartmentTraces
        visualID="7001"
        queryText="true"/>
  </nodeTraces>
  <nodeTraces
      visualID="2002"
      queryText="(let _eClass_:ecore::EClass = modelFacet.metaClass.ecoreClass in _eClass_.ePackage.nsURI = 'http://rwww.hyperflex.org/componentmodels.rapyuta' and _eClass_.name = 'Container') and (let _containmentMF_:ecore::EStructuralFeature = modelFacet.containmentMetaFeature.ecoreFeature in (let _eClass_:ecore::EClass = _containmentMF_.eContainingClass in _eClass_.ePackage.nsURI = 'http://rwww.hyperflex.org/componentmodels.rapyuta' and _eClass_.name = 'System') and _containmentMF_.name = 'containers')">
    <nodeLabelTraces
        visualID="5013"
        queryText="true"/>
    <compartmentTraces
        visualID="7004"
        queryText="true"/>
  </nodeTraces>
  <childNodeTraces
      visualID="3001"
      queryText="(let _eClass_:ecore::EClass = modelFacet.metaClass.ecoreClass in _eClass_.ePackage.nsURI = 'http://rwww.hyperflex.org/componentmodels.rapyuta' and _eClass_.name = 'Node') and (let _containmentMF_:ecore::EStructuralFeature = modelFacet.containmentMetaFeature.ecoreFeature in (let _eClass_:ecore::EClass = _containmentMF_.eContainingClass in _eClass_.ePackage.nsURI = 'http://rwww.hyperflex.org/componentmodels.rapyuta' and _eClass_.name = 'Composite') and _containmentMF_.name = 'components')">
    <nodeLabelTraces
        visualID="5002"
        queryText="true"/>
    <compartmentTraces
        visualID="7002"
        queryText="true"/>
  </childNodeTraces>
  <childNodeTraces
      visualID="3002"
      queryText="(let _eClass_:ecore::EClass = modelFacet.metaClass.ecoreClass in _eClass_.ePackage.nsURI = 'http://rwww.hyperflex.org/componentmodels.rapyuta' and _eClass_.name = 'NodeParameter') and (let _containmentMF_:ecore::EStructuralFeature = modelFacet.containmentMetaFeature.ecoreFeature in (let _eClass_:ecore::EClass = _containmentMF_.eContainingClass in _eClass_.ePackage.nsURI = 'http://rwww.hyperflex.org/componentmodels.rapyuta' and _eClass_.name = 'Node') and _containmentMF_.name = 'parameters')">
    <nodeLabelTraces
        visualID="5001"
        queryText="true"/>
  </childNodeTraces>
  <childNodeTraces
      visualID="3003"
      queryText="(let _eClass_:ecore::EClass = modelFacet.metaClass.ecoreClass in _eClass_.ePackage.nsURI = 'http://rwww.hyperflex.org/componentmodels.rapyuta' and _eClass_.name = 'NodePublisher') and (let _containmentMF_:ecore::EStructuralFeature = modelFacet.containmentMetaFeature.ecoreFeature in (let _eClass_:ecore::EClass = _containmentMF_.eContainingClass in _eClass_.ePackage.nsURI = 'http://rwww.hyperflex.org/componentmodels.rapyuta' and _eClass_.name = 'Node') and _containmentMF_.name = 'publishers')"/>
  <childNodeTraces
      visualID="3004"
      queryText="(let _eClass_:ecore::EClass = modelFacet.metaClass.ecoreClass in _eClass_.ePackage.nsURI = 'http://rwww.hyperflex.org/componentmodels.rapyuta' and _eClass_.name = 'NodeSubscriber') and (let _containmentMF_:ecore::EStructuralFeature = modelFacet.containmentMetaFeature.ecoreFeature in (let _eClass_:ecore::EClass = _containmentMF_.eContainingClass in _eClass_.ePackage.nsURI = 'http://rwww.hyperflex.org/componentmodels.rapyuta' and _eClass_.name = 'Node') and _containmentMF_.name = 'subscribers')"/>
  <childNodeTraces
      visualID="3005"
      queryText="(let _eClass_:ecore::EClass = modelFacet.metaClass.ecoreClass in _eClass_.ePackage.nsURI = 'http://rwww.hyperflex.org/componentmodels.rapyuta' and _eClass_.name = 'NodeSrvServer') and (let _containmentMF_:ecore::EStructuralFeature = modelFacet.containmentMetaFeature.ecoreFeature in (let _eClass_:ecore::EClass = _containmentMF_.eContainingClass in _eClass_.ePackage.nsURI = 'http://rwww.hyperflex.org/componentmodels.rapyuta' and _eClass_.name = 'Node') and _containmentMF_.name = 'srvServers')"/>
  <childNodeTraces
      visualID="3006"
      queryText="(let _eClass_:ecore::EClass = modelFacet.metaClass.ecoreClass in _eClass_.ePackage.nsURI = 'http://rwww.hyperflex.org/componentmodels.rapyuta' and _eClass_.name = 'NodeSrvClient') and (let _containmentMF_:ecore::EStructuralFeature = modelFacet.containmentMetaFeature.ecoreFeature in (let _eClass_:ecore::EClass = _containmentMF_.eContainingClass in _eClass_.ePackage.nsURI = 'http://rwww.hyperflex.org/componentmodels.rapyuta' and _eClass_.name = 'Node') and _containmentMF_.name = 'srvClients')"/>
  <childNodeTraces
      visualID="3007"
      queryText="(let _eClass_:ecore::EClass = modelFacet.metaClass.ecoreClass in _eClass_.ePackage.nsURI = 'http://rwww.hyperflex.org/componentmodels.rapyuta' and _eClass_.name = 'Composite') and (let _containmentMF_:ecore::EStructuralFeature = modelFacet.containmentMetaFeature.ecoreFeature in (let _eClass_:ecore::EClass = _containmentMF_.eContainingClass in _eClass_.ePackage.nsURI = 'http://rwww.hyperflex.org/componentmodels.rapyuta' and _eClass_.name = 'Composite') and _containmentMF_.name = 'components')">
    <nodeLabelTraces
        visualID="5003"
        queryText="true"/>
  </childNodeTraces>
  <childNodeTraces
      visualID="3008"
      queryText="(let _eClass_:ecore::EClass = modelFacet.metaClass.ecoreClass in _eClass_.ePackage.nsURI = 'http://rwww.hyperflex.org/componentmodels.rapyuta' and _eClass_.name = 'CompositePublisher') and (let _containmentMF_:ecore::EStructuralFeature = modelFacet.containmentMetaFeature.ecoreFeature in (let _eClass_:ecore::EClass = _containmentMF_.eContainingClass in _eClass_.ePackage.nsURI = 'http://rwww.hyperflex.org/componentmodels.rapyuta' and _eClass_.name = 'Composite') and _containmentMF_.name = 'publishers')"/>
  <childNodeTraces
      visualID="3009"
      queryText="(let _eClass_:ecore::EClass = modelFacet.metaClass.ecoreClass in _eClass_.ePackage.nsURI = 'http://rwww.hyperflex.org/componentmodels.rapyuta' and _eClass_.name = 'CompositeSubscriber') and (let _containmentMF_:ecore::EStructuralFeature = modelFacet.containmentMetaFeature.ecoreFeature in (let _eClass_:ecore::EClass = _containmentMF_.eContainingClass in _eClass_.ePackage.nsURI = 'http://rwww.hyperflex.org/componentmodels.rapyuta' and _eClass_.name = 'Composite') and _containmentMF_.name = 'subscribers')"/>
  <childNodeTraces
      visualID="3010"
      queryText="(let _eClass_:ecore::EClass = modelFacet.metaClass.ecoreClass in _eClass_.ePackage.nsURI = 'http://rwww.hyperflex.org/componentmodels.rapyuta' and _eClass_.name = 'CompositeSrvServer') and (let _containmentMF_:ecore::EStructuralFeature = modelFacet.containmentMetaFeature.ecoreFeature in (let _eClass_:ecore::EClass = _containmentMF_.eContainingClass in _eClass_.ePackage.nsURI = 'http://rwww.hyperflex.org/componentmodels.rapyuta' and _eClass_.name = 'Composite') and _containmentMF_.name = 'srvServers')"/>
  <childNodeTraces
      visualID="3011"
      queryText="(let _eClass_:ecore::EClass = modelFacet.metaClass.ecoreClass in _eClass_.ePackage.nsURI = 'http://rwww.hyperflex.org/componentmodels.rapyuta' and _eClass_.name = 'CompositeSrvClient') and (let _containmentMF_:ecore::EStructuralFeature = modelFacet.containmentMetaFeature.ecoreFeature in (let _eClass_:ecore::EClass = _containmentMF_.eContainingClass in _eClass_.ePackage.nsURI = 'http://rwww.hyperflex.org/componentmodels.rapyuta' and _eClass_.name = 'Composite') and _containmentMF_.name = 'srvClients')"/>
  <childNodeTraces
      visualID="3012"
      queryText="(let _eClass_:ecore::EClass = modelFacet.metaClass.ecoreClass in _eClass_.ePackage.nsURI = 'http://rwww.hyperflex.org/componentmodels.rapyuta' and _eClass_.name = 'CompositePublisher') and (let _containmentMF_:ecore::EStructuralFeature = modelFacet.containmentMetaFeature.ecoreFeature in (let _eClass_:ecore::EClass = _containmentMF_.eContainingClass in _eClass_.ePackage.nsURI = 'http://rwww.hyperflex.org/componentmodels.rapyuta' and _eClass_.name = 'Composite') and _containmentMF_.name = 'publishers')"/>
  <childNodeTraces
      visualID="3013"
      queryText="(let _eClass_:ecore::EClass = modelFacet.metaClass.ecoreClass in _eClass_.ePackage.nsURI = 'http://rwww.hyperflex.org/componentmodels.rapyuta' and _eClass_.name = 'CompositeSubscriber') and (let _containmentMF_:ecore::EStructuralFeature = modelFacet.containmentMetaFeature.ecoreFeature in (let _eClass_:ecore::EClass = _containmentMF_.eContainingClass in _eClass_.ePackage.nsURI = 'http://rwww.hyperflex.org/componentmodels.rapyuta' and _eClass_.name = 'Composite') and _containmentMF_.name = 'subscribers')"/>
  <childNodeTraces
      visualID="3014"
      queryText="(let _eClass_:ecore::EClass = modelFacet.metaClass.ecoreClass in _eClass_.ePackage.nsURI = 'http://rwww.hyperflex.org/componentmodels.rapyuta' and _eClass_.name = 'CompositeSrvServer') and (let _containmentMF_:ecore::EStructuralFeature = modelFacet.containmentMetaFeature.ecoreFeature in (let _eClass_:ecore::EClass = _containmentMF_.eContainingClass in _eClass_.ePackage.nsURI = 'http://rwww.hyperflex.org/componentmodels.rapyuta' and _eClass_.name = 'Composite') and _containmentMF_.name = 'srvServers')"/>
  <childNodeTraces
      visualID="3015"
      queryText="(let _eClass_:ecore::EClass = modelFacet.metaClass.ecoreClass in _eClass_.ePackage.nsURI = 'http://rwww.hyperflex.org/componentmodels.rapyuta' and _eClass_.name = 'CompositeSrvClient') and (let _containmentMF_:ecore::EStructuralFeature = modelFacet.containmentMetaFeature.ecoreFeature in (let _eClass_:ecore::EClass = _containmentMF_.eContainingClass in _eClass_.ePackage.nsURI = 'http://rwww.hyperflex.org/componentmodels.rapyuta' and _eClass_.name = 'Composite') and _containmentMF_.name = 'srvClients')"/>
  <childNodeTraces
      visualID="3016"
      queryText="(let _eClass_:ecore::EClass = modelFacet.metaClass.ecoreClass in _eClass_.ePackage.nsURI = 'http://rwww.hyperflex.org/componentmodels.rapyuta' and _eClass_.name = 'Topic') and (let _containmentMF_:ecore::EStructuralFeature = modelFacet.containmentMetaFeature.ecoreFeature in (let _eClass_:ecore::EClass = _containmentMF_.eContainingClass in _eClass_.ePackage.nsURI = 'http://rwww.hyperflex.org/componentmodels.rapyuta' and _eClass_.name = 'Composite') and _containmentMF_.name = 'topics')">
    <nodeLabelTraces
        visualID="5004"
        queryText="true"/>
  </childNodeTraces>
  <childNodeTraces
      visualID="3018"
      queryText="(let _eClass_:ecore::EClass = modelFacet.metaClass.ecoreClass in _eClass_.ePackage.nsURI = 'http://rwww.hyperflex.org/componentmodels.rapyuta' and _eClass_.name = 'EndPointParameter') and (let _containmentMF_:ecore::EStructuralFeature = modelFacet.containmentMetaFeature.ecoreFeature in (let _eClass_:ecore::EClass = _containmentMF_.eContainingClass in _eClass_.ePackage.nsURI = 'http://rwww.hyperflex.org/componentmodels.rapyuta' and _eClass_.name = 'EndPoint') and _containmentMF_.name = 'parameters')">
    <nodeLabelTraces
        visualID="5005"
        queryText="true"/>
  </childNodeTraces>
  <childNodeTraces
      visualID="3019"
      queryText="(let _eClass_:ecore::EClass = modelFacet.metaClass.ecoreClass in _eClass_.ePackage.nsURI = 'http://rwww.hyperflex.org/componentmodels.rapyuta' and _eClass_.name = 'EndPointPublisher') and (let _containmentMF_:ecore::EStructuralFeature = modelFacet.containmentMetaFeature.ecoreFeature in (let _eClass_:ecore::EClass = _containmentMF_.eContainingClass in _eClass_.ePackage.nsURI = 'http://rwww.hyperflex.org/componentmodels.rapyuta' and _eClass_.name = 'EndPoint') and _containmentMF_.name = 'publishers')"/>
  <childNodeTraces
      visualID="3020"
      queryText="(let _eClass_:ecore::EClass = modelFacet.metaClass.ecoreClass in _eClass_.ePackage.nsURI = 'http://rwww.hyperflex.org/componentmodels.rapyuta' and _eClass_.name = 'EndPointSubscriber') and (let _containmentMF_:ecore::EStructuralFeature = modelFacet.containmentMetaFeature.ecoreFeature in (let _eClass_:ecore::EClass = _containmentMF_.eContainingClass in _eClass_.ePackage.nsURI = 'http://rwww.hyperflex.org/componentmodels.rapyuta' and _eClass_.name = 'EndPoint') and _containmentMF_.name = 'subscribers')"/>
  <childNodeTraces
      visualID="3021"
      queryText="(let _eClass_:ecore::EClass = modelFacet.metaClass.ecoreClass in _eClass_.ePackage.nsURI = 'http://rwww.hyperflex.org/componentmodels.rapyuta' and _eClass_.name = 'EndPointSrvServer') and (let _containmentMF_:ecore::EStructuralFeature = modelFacet.containmentMetaFeature.ecoreFeature in (let _eClass_:ecore::EClass = _containmentMF_.eContainingClass in _eClass_.ePackage.nsURI = 'http://rwww.hyperflex.org/componentmodels.rapyuta' and _eClass_.name = 'EndPoint') and _containmentMF_.name = 'srvServers')"/>
  <childNodeTraces
      visualID="3022"
      queryText="(let _eClass_:ecore::EClass = modelFacet.metaClass.ecoreClass in _eClass_.ePackage.nsURI = 'http://rwww.hyperflex.org/componentmodels.rapyuta' and _eClass_.name = 'EndPointSrvClient') and (let _containmentMF_:ecore::EStructuralFeature = modelFacet.containmentMetaFeature.ecoreFeature in (let _eClass_:ecore::EClass = _containmentMF_.eContainingClass in _eClass_.ePackage.nsURI = 'http://rwww.hyperflex.org/componentmodels.rapyuta' and _eClass_.name = 'EndPoint') and _containmentMF_.name = 'srvClients')"/>
  <childNodeTraces
      visualID="3024"
      queryText="(let _eClass_:ecore::EClass = modelFacet.metaClass.ecoreClass in _eClass_.ePackage.nsURI = 'http://rwww.hyperflex.org/componentmodels.rapyuta' and _eClass_.name = 'NodeParameter') and (let _containmentMF_:ecore::EStructuralFeature = modelFacet.containmentMetaFeature.ecoreFeature in (let _eClass_:ecore::EClass = _containmentMF_.eContainingClass in _eClass_.ePackage.nsURI = 'http://rwww.hyperflex.org/componentmodels.rapyuta' and _eClass_.name = 'Node') and _containmentMF_.name = 'parameters')">
    <nodeLabelTraces
        visualID="5008"
        queryText="true"/>
  </childNodeTraces>
  <childNodeTraces
      visualID="3025"
      queryText="(let _eClass_:ecore::EClass = modelFacet.metaClass.ecoreClass in _eClass_.ePackage.nsURI = 'http://rwww.hyperflex.org/componentmodels.rapyuta' and _eClass_.name = 'NodePublisher') and (let _containmentMF_:ecore::EStructuralFeature = modelFacet.containmentMetaFeature.ecoreFeature in (let _eClass_:ecore::EClass = _containmentMF_.eContainingClass in _eClass_.ePackage.nsURI = 'http://rwww.hyperflex.org/componentmodels.rapyuta' and _eClass_.name = 'Node') and _containmentMF_.name = 'publishers')"/>
  <childNodeTraces
      visualID="3026"
      queryText="(let _eClass_:ecore::EClass = modelFacet.metaClass.ecoreClass in _eClass_.ePackage.nsURI = 'http://rwww.hyperflex.org/componentmodels.rapyuta' and _eClass_.name = 'NodeSubscriber') and (let _containmentMF_:ecore::EStructuralFeature = modelFacet.containmentMetaFeature.ecoreFeature in (let _eClass_:ecore::EClass = _containmentMF_.eContainingClass in _eClass_.ePackage.nsURI = 'http://rwww.hyperflex.org/componentmodels.rapyuta' and _eClass_.name = 'Node') and _containmentMF_.name = 'subscribers')"/>
  <childNodeTraces
      visualID="3027"
      queryText="(let _eClass_:ecore::EClass = modelFacet.metaClass.ecoreClass in _eClass_.ePackage.nsURI = 'http://rwww.hyperflex.org/componentmodels.rapyuta' and _eClass_.name = 'NodeSrvServer') and (let _containmentMF_:ecore::EStructuralFeature = modelFacet.containmentMetaFeature.ecoreFeature in (let _eClass_:ecore::EClass = _containmentMF_.eContainingClass in _eClass_.ePackage.nsURI = 'http://rwww.hyperflex.org/componentmodels.rapyuta' and _eClass_.name = 'Node') and _containmentMF_.name = 'srvServers')"/>
  <childNodeTraces
      visualID="3028"
      queryText="(let _eClass_:ecore::EClass = modelFacet.metaClass.ecoreClass in _eClass_.ePackage.nsURI = 'http://rwww.hyperflex.org/componentmodels.rapyuta' and _eClass_.name = 'NodeSrvClient') and (let _containmentMF_:ecore::EStructuralFeature = modelFacet.containmentMetaFeature.ecoreFeature in (let _eClass_:ecore::EClass = _containmentMF_.eContainingClass in _eClass_.ePackage.nsURI = 'http://rwww.hyperflex.org/componentmodels.rapyuta' and _eClass_.name = 'Node') and _containmentMF_.name = 'srvClients')"/>
  <childNodeTraces
      visualID="3030"
      queryText="(let _eClass_:ecore::EClass = modelFacet.metaClass.ecoreClass in _eClass_.ePackage.nsURI = 'http://rwww.hyperflex.org/componentmodels.rapyuta' and _eClass_.name = 'EndPointParameter') and (let _containmentMF_:ecore::EStructuralFeature = modelFacet.containmentMetaFeature.ecoreFeature in (let _eClass_:ecore::EClass = _containmentMF_.eContainingClass in _eClass_.ePackage.nsURI = 'http://rwww.hyperflex.org/componentmodels.rapyuta' and _eClass_.name = 'EndPoint') and _containmentMF_.name = 'parameters')">
    <nodeLabelTraces
        visualID="5010"
        queryText="true"/>
  </childNodeTraces>
  <childNodeTraces
      visualID="3031"
      queryText="(let _eClass_:ecore::EClass = modelFacet.metaClass.ecoreClass in _eClass_.ePackage.nsURI = 'http://rwww.hyperflex.org/componentmodels.rapyuta' and _eClass_.name = 'EndPointPublisher') and (let _containmentMF_:ecore::EStructuralFeature = modelFacet.containmentMetaFeature.ecoreFeature in (let _eClass_:ecore::EClass = _containmentMF_.eContainingClass in _eClass_.ePackage.nsURI = 'http://rwww.hyperflex.org/componentmodels.rapyuta' and _eClass_.name = 'EndPoint') and _containmentMF_.name = 'publishers')"/>
  <childNodeTraces
      visualID="3032"
      queryText="(let _eClass_:ecore::EClass = modelFacet.metaClass.ecoreClass in _eClass_.ePackage.nsURI = 'http://rwww.hyperflex.org/componentmodels.rapyuta' and _eClass_.name = 'EndPointSubscriber') and (let _containmentMF_:ecore::EStructuralFeature = modelFacet.containmentMetaFeature.ecoreFeature in (let _eClass_:ecore::EClass = _containmentMF_.eContainingClass in _eClass_.ePackage.nsURI = 'http://rwww.hyperflex.org/componentmodels.rapyuta' and _eClass_.name = 'EndPoint') and _containmentMF_.name = 'subscribers')"/>
  <childNodeTraces
      visualID="3033"
      queryText="(let _eClass_:ecore::EClass = modelFacet.metaClass.ecoreClass in _eClass_.ePackage.nsURI = 'http://rwww.hyperflex.org/componentmodels.rapyuta' and _eClass_.name = 'EndPointSrvServer') and (let _containmentMF_:ecore::EStructuralFeature = modelFacet.containmentMetaFeature.ecoreFeature in (let _eClass_:ecore::EClass = _containmentMF_.eContainingClass in _eClass_.ePackage.nsURI = 'http://rwww.hyperflex.org/componentmodels.rapyuta' and _eClass_.name = 'EndPoint') and _containmentMF_.name = 'srvServers')"/>
  <childNodeTraces
      visualID="3034"
      queryText="(let _eClass_:ecore::EClass = modelFacet.metaClass.ecoreClass in _eClass_.ePackage.nsURI = 'http://rwww.hyperflex.org/componentmodels.rapyuta' and _eClass_.name = 'EndPointSrvClient') and (let _containmentMF_:ecore::EStructuralFeature = modelFacet.containmentMetaFeature.ecoreFeature in (let _eClass_:ecore::EClass = _containmentMF_.eContainingClass in _eClass_.ePackage.nsURI = 'http://rwww.hyperflex.org/componentmodels.rapyuta' and _eClass_.name = 'EndPoint') and _containmentMF_.name = 'srvClients')"/>
  <childNodeTraces
      visualID="3035"
      queryText="(let _eClass_:ecore::EClass = modelFacet.metaClass.ecoreClass in _eClass_.ePackage.nsURI = 'http://rwww.hyperflex.org/componentmodels.rapyuta' and _eClass_.name = 'Topic') and (let _containmentMF_:ecore::EStructuralFeature = modelFacet.containmentMetaFeature.ecoreFeature in (let _eClass_:ecore::EClass = _containmentMF_.eContainingClass in _eClass_.ePackage.nsURI = 'http://rwww.hyperflex.org/componentmodels.rapyuta' and _eClass_.name = 'Container') and _containmentMF_.name = 'topics')">
    <nodeLabelTraces
        visualID="5012"
        queryText="true"/>
  </childNodeTraces>
  <childNodeTraces
      visualID="3038"
      queryText="(let _eClass_:ecore::EClass = modelFacet.metaClass.ecoreClass in _eClass_.ePackage.nsURI = 'http://rwww.hyperflex.org/componentmodels.rapyuta' and _eClass_.name = 'RobotEndPoint') and (let _containmentMF_:ecore::EStructuralFeature = modelFacet.containmentMetaFeature.ecoreFeature in (let _eClass_:ecore::EClass = _containmentMF_.eContainingClass in _eClass_.ePackage.nsURI = 'http://rwww.hyperflex.org/componentmodels.rapyuta' and _eClass_.name = 'Composite') and _containmentMF_.name = 'endPoint')">
    <nodeLabelTraces
        visualID="5016"
        queryText="true"/>
    <compartmentTraces
        visualID="7009"
        queryText="true"/>
  </childNodeTraces>
  <childNodeTraces
      visualID="3039"
      queryText="(let _eClass_:ecore::EClass = modelFacet.metaClass.ecoreClass in _eClass_.ePackage.nsURI = 'http://rwww.hyperflex.org/componentmodels.rapyuta' and _eClass_.name = 'EnvironmentEndPoint') and (let _containmentMF_:ecore::EStructuralFeature = modelFacet.containmentMetaFeature.ecoreFeature in (let _eClass_:ecore::EClass = _containmentMF_.eContainingClass in _eClass_.ePackage.nsURI = 'http://rwww.hyperflex.org/componentmodels.rapyuta' and _eClass_.name = 'Container') and _containmentMF_.name = 'endPoint')">
    <nodeLabelTraces
        visualID="5017"
        queryText="true"/>
    <compartmentTraces
        visualID="7010"
        queryText="true"/>
  </childNodeTraces>
  <childNodeTraces
      visualID="3040"
      queryText="(let _eClass_:ecore::EClass = modelFacet.metaClass.ecoreClass in _eClass_.ePackage.nsURI = 'http://rwww.hyperflex.org/componentmodels.rapyuta' and _eClass_.name = 'Node') and (let _containmentMF_:ecore::EStructuralFeature = modelFacet.containmentMetaFeature.ecoreFeature in (let _eClass_:ecore::EClass = _containmentMF_.eContainingClass in _eClass_.ePackage.nsURI = 'http://rwww.hyperflex.org/componentmodels.rapyuta' and _eClass_.name = 'Container') and _containmentMF_.name = 'components')">
    <nodeLabelTraces
        visualID="5018"
        queryText="true"/>
    <compartmentTraces
        visualID="7011"
        queryText="true"/>
  </childNodeTraces>
  <linkTraces
      visualID="4002"
      queryText="modelFacet.oclIsKindOf(gmfgen::FeatureLinkModelFacet) and (let _feature_:ecore::EStructuralFeature = modelFacet.oclAsType(gmfgen::FeatureLinkModelFacet).metaFeature.ecoreFeature in (let _eClass_:ecore::EClass = _feature_.eContainingClass in _eClass_.ePackage.nsURI = 'http://rwww.hyperflex.org/componentmodels.rapyuta' and _eClass_.name = 'MsgInterface') and _feature_.name = 'connection')"/>
  <linkTraces
      visualID="4003"
      queryText="modelFacet.oclIsKindOf(gmfgen::FeatureLinkModelFacet) and (let _feature_:ecore::EStructuralFeature = modelFacet.oclAsType(gmfgen::FeatureLinkModelFacet).metaFeature.ecoreFeature in (let _eClass_:ecore::EClass = _feature_.eContainingClass in _eClass_.ePackage.nsURI = 'http://rwww.hyperflex.org/componentmodels.rapyuta' and _eClass_.name = 'MsgInterface') and _feature_.name = 'connection')"/>
  <linkTraces
      visualID="4004"
      queryText="modelFacet.oclIsKindOf(gmfgen::FeatureLinkModelFacet) and (let _feature_:ecore::EStructuralFeature = modelFacet.oclAsType(gmfgen::FeatureLinkModelFacet).metaFeature.ecoreFeature in (let _eClass_:ecore::EClass = _feature_.eContainingClass in _eClass_.ePackage.nsURI = 'http://rwww.hyperflex.org/componentmodels.rapyuta' and _eClass_.name = 'CompositeMsgInterface') and _feature_.name = 'exposed')"/>
  <linkTraces
      visualID="4005"
      queryText="modelFacet.oclIsKindOf(gmfgen::FeatureLinkModelFacet) and (let _feature_:ecore::EStructuralFeature = modelFacet.oclAsType(gmfgen::FeatureLinkModelFacet).metaFeature.ecoreFeature in (let _eClass_:ecore::EClass = _feature_.eContainingClass in _eClass_.ePackage.nsURI = 'http://rwww.hyperflex.org/componentmodels.rapyuta' and _eClass_.name = 'CompositeMsgInterface') and _feature_.name = 'exposed')"/>
  <linkTraces
      visualID="4006"
      queryText="modelFacet.oclIsKindOf(gmfgen::TypeLinkModelFacet) and (let _eClass_:ecore::EClass = modelFacet.oclAsType(gmfgen::TypeLinkModelFacet).metaClass.ecoreClass in _eClass_.ePackage.nsURI = 'http://rwww.hyperflex.org/componentmodels.rapyuta' and _eClass_.name = 'EndPointSrvConnection')">
    <linkLabelTraces
        visualID="6002"
        queryText="true"/>
  </linkTraces>
  <linkTraces
      visualID="4007"
      queryText="modelFacet.oclIsKindOf(gmfgen::TypeLinkModelFacet) and (let _eClass_:ecore::EClass = modelFacet.oclAsType(gmfgen::TypeLinkModelFacet).metaClass.ecoreClass in _eClass_.ePackage.nsURI = 'http://rwww.hyperflex.org/componentmodels.rapyuta' and _eClass_.name = 'EndPointMsgConnection')">
    <linkLabelTraces
        visualID="6003"
        queryText="true"/>
  </linkTraces>
  <linkTraces
      visualID="4009"
      queryText="modelFacet.oclIsKindOf(gmfgen::TypeLinkModelFacet) and (let _eClass_:ecore::EClass = modelFacet.oclAsType(gmfgen::TypeLinkModelFacet).metaClass.ecoreClass in _eClass_.ePackage.nsURI = 'http://rwww.hyperflex.org/componentmodels.rapyuta' and _eClass_.name = 'ContainerSrvConnection')">
    <linkLabelTraces
        visualID="6005"
        queryText="true"/>
  </linkTraces>
  <linkTraces
      visualID="4010"
      queryText="modelFacet.oclIsKindOf(gmfgen::TypeLinkModelFacet) and (let _eClass_:ecore::EClass = modelFacet.oclAsType(gmfgen::TypeLinkModelFacet).metaClass.ecoreClass in _eClass_.ePackage.nsURI = 'http://rwww.hyperflex.org/componentmodels.rapyuta' and _eClass_.name = 'CompositeSrvConnection')">
    <linkLabelTraces
        visualID="6006"
        queryText="true"/>
  </linkTraces>
</trace:TraceModel>
