<?xml version="1.0" encoding="UTF-8"?>
<trace:TraceModel
    xmi:version="2.0"
    xmlns:xmi="http://www.omg.org/XMI"
    xmlns:trace="http://www.eclipse.org/gmf/2006/Trace">
  <nodeTraces
      visualID="2005"
      queryText="(let _eClass_:ecore::EClass = modelFacet.metaClass.ecoreClass in _eClass_.ePackage.nsURI = 'http://www.hyperflex.org/componentmodels.rapyuta' and _eClass_.name = 'RobotContainer') and (let _containmentMF_:ecore::EStructuralFeature = modelFacet.containmentMetaFeature.ecoreFeature in (let _eClass_:ecore::EClass = _containmentMF_.eContainingClass in _eClass_.ePackage.nsURI = 'http://www.hyperflex.org/componentmodels.rapyuta' and _eClass_.name = 'System') and _containmentMF_.name = 'robotContainers')">
    <nodeLabelTraces
        visualID="5034"
        queryText="true"/>
    <compartmentTraces
        visualID="7018"
        queryText="true"/>
  </nodeTraces>
  <nodeTraces
      visualID="2006"
      queryText="(let _eClass_:ecore::EClass = modelFacet.metaClass.ecoreClass in _eClass_.ePackage.nsURI = 'http://www.hyperflex.org/componentmodels.rapyuta' and _eClass_.name = 'CloudContainer') and (let _containmentMF_:ecore::EStructuralFeature = modelFacet.containmentMetaFeature.ecoreFeature in (let _eClass_:ecore::EClass = _containmentMF_.eContainingClass in _eClass_.ePackage.nsURI = 'http://www.hyperflex.org/componentmodels.rapyuta' and _eClass_.name = 'System') and _containmentMF_.name = 'cloudContainers')">
    <nodeLabelTraces
        visualID="5039"
        queryText="true"/>
    <compartmentTraces
        visualID="7020"
        queryText="true"/>
  </nodeTraces>
  <childNodeTraces
      visualID="3042"
      queryText="(let _eClass_:ecore::EClass = modelFacet.metaClass.ecoreClass in _eClass_.ePackage.nsURI = 'http://www.hyperflex.org/componentmodels.rapyuta' and _eClass_.name = 'NodeParameter') and (let _containmentMF_:ecore::EStructuralFeature = modelFacet.containmentMetaFeature.ecoreFeature in (let _eClass_:ecore::EClass = _containmentMF_.eContainingClass in _eClass_.ePackage.nsURI = 'http://www.hyperflex.org/componentmodels.rapyuta' and _eClass_.name = 'Node') and _containmentMF_.name = 'parameters')">
    <nodeLabelTraces
        visualID="5019"
        queryText="true"/>
  </childNodeTraces>
  <childNodeTraces
      visualID="3043"
      queryText="(let _eClass_:ecore::EClass = modelFacet.metaClass.ecoreClass in _eClass_.ePackage.nsURI = 'http://www.hyperflex.org/componentmodels.rapyuta' and _eClass_.name = 'NodePublisher') and (let _containmentMF_:ecore::EStructuralFeature = modelFacet.containmentMetaFeature.ecoreFeature in (let _eClass_:ecore::EClass = _containmentMF_.eContainingClass in _eClass_.ePackage.nsURI = 'http://www.hyperflex.org/componentmodels.rapyuta' and _eClass_.name = 'Node') and _containmentMF_.name = 'publishers')"/>
  <childNodeTraces
      visualID="3044"
      queryText="(let _eClass_:ecore::EClass = modelFacet.metaClass.ecoreClass in _eClass_.ePackage.nsURI = 'http://www.hyperflex.org/componentmodels.rapyuta' and _eClass_.name = 'NodeSubscriber') and (let _containmentMF_:ecore::EStructuralFeature = modelFacet.containmentMetaFeature.ecoreFeature in (let _eClass_:ecore::EClass = _containmentMF_.eContainingClass in _eClass_.ePackage.nsURI = 'http://www.hyperflex.org/componentmodels.rapyuta' and _eClass_.name = 'Node') and _containmentMF_.name = 'subscribers')"/>
  <childNodeTraces
      visualID="3045"
      queryText="(let _eClass_:ecore::EClass = modelFacet.metaClass.ecoreClass in _eClass_.ePackage.nsURI = 'http://www.hyperflex.org/componentmodels.rapyuta' and _eClass_.name = 'NodeSrvServer') and (let _containmentMF_:ecore::EStructuralFeature = modelFacet.containmentMetaFeature.ecoreFeature in (let _eClass_:ecore::EClass = _containmentMF_.eContainingClass in _eClass_.ePackage.nsURI = 'http://www.hyperflex.org/componentmodels.rapyuta' and _eClass_.name = 'Node') and _containmentMF_.name = 'srvServers')"/>
  <childNodeTraces
      visualID="3046"
      queryText="(let _eClass_:ecore::EClass = modelFacet.metaClass.ecoreClass in _eClass_.ePackage.nsURI = 'http://www.hyperflex.org/componentmodels.rapyuta' and _eClass_.name = 'NodeSrvClient') and (let _containmentMF_:ecore::EStructuralFeature = modelFacet.containmentMetaFeature.ecoreFeature in (let _eClass_:ecore::EClass = _containmentMF_.eContainingClass in _eClass_.ePackage.nsURI = 'http://www.hyperflex.org/componentmodels.rapyuta' and _eClass_.name = 'Node') and _containmentMF_.name = 'srvClients')"/>
  <childNodeTraces
      visualID="3048"
      queryText="(let _eClass_:ecore::EClass = modelFacet.metaClass.ecoreClass in _eClass_.ePackage.nsURI = 'http://www.hyperflex.org/componentmodels.rapyuta' and _eClass_.name = 'CompositePublisher') and (let _containmentMF_:ecore::EStructuralFeature = modelFacet.containmentMetaFeature.ecoreFeature in (let _eClass_:ecore::EClass = _containmentMF_.eContainingClass in _eClass_.ePackage.nsURI = 'http://www.hyperflex.org/componentmodels.rapyuta' and _eClass_.name = 'Composite') and _containmentMF_.name = 'publishers')"/>
  <childNodeTraces
      visualID="3049"
      queryText="(let _eClass_:ecore::EClass = modelFacet.metaClass.ecoreClass in _eClass_.ePackage.nsURI = 'http://www.hyperflex.org/componentmodels.rapyuta' and _eClass_.name = 'CompositeSubscriber') and (let _containmentMF_:ecore::EStructuralFeature = modelFacet.containmentMetaFeature.ecoreFeature in (let _eClass_:ecore::EClass = _containmentMF_.eContainingClass in _eClass_.ePackage.nsURI = 'http://www.hyperflex.org/componentmodels.rapyuta' and _eClass_.name = 'Composite') and _containmentMF_.name = 'subscribers')"/>
  <childNodeTraces
      visualID="3050"
      queryText="(let _eClass_:ecore::EClass = modelFacet.metaClass.ecoreClass in _eClass_.ePackage.nsURI = 'http://www.hyperflex.org/componentmodels.rapyuta' and _eClass_.name = 'CompositeSrvServer') and (let _containmentMF_:ecore::EStructuralFeature = modelFacet.containmentMetaFeature.ecoreFeature in (let _eClass_:ecore::EClass = _containmentMF_.eContainingClass in _eClass_.ePackage.nsURI = 'http://www.hyperflex.org/componentmodels.rapyuta' and _eClass_.name = 'Composite') and _containmentMF_.name = 'srvServers')"/>
  <childNodeTraces
      visualID="3051"
      queryText="(let _eClass_:ecore::EClass = modelFacet.metaClass.ecoreClass in _eClass_.ePackage.nsURI = 'http://www.hyperflex.org/componentmodels.rapyuta' and _eClass_.name = 'CompositeSrvClient') and (let _containmentMF_:ecore::EStructuralFeature = modelFacet.containmentMetaFeature.ecoreFeature in (let _eClass_:ecore::EClass = _containmentMF_.eContainingClass in _eClass_.ePackage.nsURI = 'http://www.hyperflex.org/componentmodels.rapyuta' and _eClass_.name = 'Composite') and _containmentMF_.name = 'srvClients')"/>
  <childNodeTraces
      visualID="3052"
      queryText="(let _eClass_:ecore::EClass = modelFacet.metaClass.ecoreClass in _eClass_.ePackage.nsURI = 'http://www.hyperflex.org/componentmodels.rapyuta' and _eClass_.name = 'CompositePublisher') and (let _containmentMF_:ecore::EStructuralFeature = modelFacet.containmentMetaFeature.ecoreFeature in (let _eClass_:ecore::EClass = _containmentMF_.eContainingClass in _eClass_.ePackage.nsURI = 'http://www.hyperflex.org/componentmodels.rapyuta' and _eClass_.name = 'Composite') and _containmentMF_.name = 'publishers')"/>
  <childNodeTraces
      visualID="3053"
      queryText="(let _eClass_:ecore::EClass = modelFacet.metaClass.ecoreClass in _eClass_.ePackage.nsURI = 'http://www.hyperflex.org/componentmodels.rapyuta' and _eClass_.name = 'CompositeSubscriber') and (let _containmentMF_:ecore::EStructuralFeature = modelFacet.containmentMetaFeature.ecoreFeature in (let _eClass_:ecore::EClass = _containmentMF_.eContainingClass in _eClass_.ePackage.nsURI = 'http://www.hyperflex.org/componentmodels.rapyuta' and _eClass_.name = 'Composite') and _containmentMF_.name = 'subscribers')"/>
  <childNodeTraces
      visualID="3054"
      queryText="(let _eClass_:ecore::EClass = modelFacet.metaClass.ecoreClass in _eClass_.ePackage.nsURI = 'http://www.hyperflex.org/componentmodels.rapyuta' and _eClass_.name = 'CompositeSrvServer') and (let _containmentMF_:ecore::EStructuralFeature = modelFacet.containmentMetaFeature.ecoreFeature in (let _eClass_:ecore::EClass = _containmentMF_.eContainingClass in _eClass_.ePackage.nsURI = 'http://www.hyperflex.org/componentmodels.rapyuta' and _eClass_.name = 'Composite') and _containmentMF_.name = 'srvServers')"/>
  <childNodeTraces
      visualID="3055"
      queryText="(let _eClass_:ecore::EClass = modelFacet.metaClass.ecoreClass in _eClass_.ePackage.nsURI = 'http://www.hyperflex.org/componentmodels.rapyuta' and _eClass_.name = 'CompositeSrvClient') and (let _containmentMF_:ecore::EStructuralFeature = modelFacet.containmentMetaFeature.ecoreFeature in (let _eClass_:ecore::EClass = _containmentMF_.eContainingClass in _eClass_.ePackage.nsURI = 'http://www.hyperflex.org/componentmodels.rapyuta' and _eClass_.name = 'Composite') and _containmentMF_.name = 'srvClients')"/>
  <childNodeTraces
      visualID="3058"
      queryText="(let _eClass_:ecore::EClass = modelFacet.metaClass.ecoreClass in _eClass_.ePackage.nsURI = 'http://www.hyperflex.org/componentmodels.rapyuta' and _eClass_.name = 'EndPointParameter') and (let _containmentMF_:ecore::EStructuralFeature = modelFacet.containmentMetaFeature.ecoreFeature in (let _eClass_:ecore::EClass = _containmentMF_.eContainingClass in _eClass_.ePackage.nsURI = 'http://www.hyperflex.org/componentmodels.rapyuta' and _eClass_.name = 'EndPoint') and _containmentMF_.name = 'parameters')">
    <nodeLabelTraces
        visualID="5023"
        queryText="true"/>
  </childNodeTraces>
  <childNodeTraces
      visualID="3059"
      queryText="(let _eClass_:ecore::EClass = modelFacet.metaClass.ecoreClass in _eClass_.ePackage.nsURI = 'http://www.hyperflex.org/componentmodels.rapyuta' and _eClass_.name = 'EndPointPublisher') and (let _containmentMF_:ecore::EStructuralFeature = modelFacet.containmentMetaFeature.ecoreFeature in (let _eClass_:ecore::EClass = _containmentMF_.eContainingClass in _eClass_.ePackage.nsURI = 'http://www.hyperflex.org/componentmodels.rapyuta' and _eClass_.name = 'EndPoint') and _containmentMF_.name = 'publishers')"/>
  <childNodeTraces
      visualID="3060"
      queryText="(let _eClass_:ecore::EClass = modelFacet.metaClass.ecoreClass in _eClass_.ePackage.nsURI = 'http://www.hyperflex.org/componentmodels.rapyuta' and _eClass_.name = 'EndPointSubscriber') and (let _containmentMF_:ecore::EStructuralFeature = modelFacet.containmentMetaFeature.ecoreFeature in (let _eClass_:ecore::EClass = _containmentMF_.eContainingClass in _eClass_.ePackage.nsURI = 'http://www.hyperflex.org/componentmodels.rapyuta' and _eClass_.name = 'EndPoint') and _containmentMF_.name = 'subscribers')"/>
  <childNodeTraces
      visualID="3061"
      queryText="(let _eClass_:ecore::EClass = modelFacet.metaClass.ecoreClass in _eClass_.ePackage.nsURI = 'http://www.hyperflex.org/componentmodels.rapyuta' and _eClass_.name = 'EndPointSrvServer') and (let _containmentMF_:ecore::EStructuralFeature = modelFacet.containmentMetaFeature.ecoreFeature in (let _eClass_:ecore::EClass = _containmentMF_.eContainingClass in _eClass_.ePackage.nsURI = 'http://www.hyperflex.org/componentmodels.rapyuta' and _eClass_.name = 'EndPoint') and _containmentMF_.name = 'srvServers')"/>
  <childNodeTraces
      visualID="3062"
      queryText="(let _eClass_:ecore::EClass = modelFacet.metaClass.ecoreClass in _eClass_.ePackage.nsURI = 'http://www.hyperflex.org/componentmodels.rapyuta' and _eClass_.name = 'EndPointSrvClient') and (let _containmentMF_:ecore::EStructuralFeature = modelFacet.containmentMetaFeature.ecoreFeature in (let _eClass_:ecore::EClass = _containmentMF_.eContainingClass in _eClass_.ePackage.nsURI = 'http://www.hyperflex.org/componentmodels.rapyuta' and _eClass_.name = 'EndPoint') and _containmentMF_.name = 'srvClients')"/>
  <childNodeTraces
      visualID="3063"
      queryText="(let _eClass_:ecore::EClass = modelFacet.metaClass.ecoreClass in _eClass_.ePackage.nsURI = 'http://www.hyperflex.org/componentmodels.rapyuta' and _eClass_.name = 'Node') and (let _containmentMF_:ecore::EStructuralFeature = modelFacet.containmentMetaFeature.ecoreFeature in (let _eClass_:ecore::EClass = _containmentMF_.eContainingClass in _eClass_.ePackage.nsURI = 'http://www.hyperflex.org/componentmodels.rapyuta' and _eClass_.name = 'Container') and _containmentMF_.name = 'components')">
    <nodeLabelTraces
        visualID="5027"
        queryText="true"/>
    <compartmentTraces
        visualID="7016"
        queryText="true"/>
  </childNodeTraces>
  <childNodeTraces
      visualID="3064"
      queryText="(let _eClass_:ecore::EClass = modelFacet.metaClass.ecoreClass in _eClass_.ePackage.nsURI = 'http://www.hyperflex.org/componentmodels.rapyuta' and _eClass_.name = 'NodeParameter') and (let _containmentMF_:ecore::EStructuralFeature = modelFacet.containmentMetaFeature.ecoreFeature in (let _eClass_:ecore::EClass = _containmentMF_.eContainingClass in _eClass_.ePackage.nsURI = 'http://www.hyperflex.org/componentmodels.rapyuta' and _eClass_.name = 'Node') and _containmentMF_.name = 'parameters')">
    <nodeLabelTraces
        visualID="5026"
        queryText="true"/>
  </childNodeTraces>
  <childNodeTraces
      visualID="3065"
      queryText="(let _eClass_:ecore::EClass = modelFacet.metaClass.ecoreClass in _eClass_.ePackage.nsURI = 'http://www.hyperflex.org/componentmodels.rapyuta' and _eClass_.name = 'NodePublisher') and (let _containmentMF_:ecore::EStructuralFeature = modelFacet.containmentMetaFeature.ecoreFeature in (let _eClass_:ecore::EClass = _containmentMF_.eContainingClass in _eClass_.ePackage.nsURI = 'http://www.hyperflex.org/componentmodels.rapyuta' and _eClass_.name = 'Node') and _containmentMF_.name = 'publishers')"/>
  <childNodeTraces
      visualID="3066"
      queryText="(let _eClass_:ecore::EClass = modelFacet.metaClass.ecoreClass in _eClass_.ePackage.nsURI = 'http://www.hyperflex.org/componentmodels.rapyuta' and _eClass_.name = 'NodeSubscriber') and (let _containmentMF_:ecore::EStructuralFeature = modelFacet.containmentMetaFeature.ecoreFeature in (let _eClass_:ecore::EClass = _containmentMF_.eContainingClass in _eClass_.ePackage.nsURI = 'http://www.hyperflex.org/componentmodels.rapyuta' and _eClass_.name = 'Node') and _containmentMF_.name = 'subscribers')"/>
  <childNodeTraces
      visualID="3067"
      queryText="(let _eClass_:ecore::EClass = modelFacet.metaClass.ecoreClass in _eClass_.ePackage.nsURI = 'http://www.hyperflex.org/componentmodels.rapyuta' and _eClass_.name = 'NodeSrvServer') and (let _containmentMF_:ecore::EStructuralFeature = modelFacet.containmentMetaFeature.ecoreFeature in (let _eClass_:ecore::EClass = _containmentMF_.eContainingClass in _eClass_.ePackage.nsURI = 'http://www.hyperflex.org/componentmodels.rapyuta' and _eClass_.name = 'Node') and _containmentMF_.name = 'srvServers')"/>
  <childNodeTraces
      visualID="3068"
      queryText="(let _eClass_:ecore::EClass = modelFacet.metaClass.ecoreClass in _eClass_.ePackage.nsURI = 'http://www.hyperflex.org/componentmodels.rapyuta' and _eClass_.name = 'NodeSrvClient') and (let _containmentMF_:ecore::EStructuralFeature = modelFacet.containmentMetaFeature.ecoreFeature in (let _eClass_:ecore::EClass = _containmentMF_.eContainingClass in _eClass_.ePackage.nsURI = 'http://www.hyperflex.org/componentmodels.rapyuta' and _eClass_.name = 'Node') and _containmentMF_.name = 'srvClients')"/>
  <childNodeTraces
      visualID="3070"
      queryText="(let _eClass_:ecore::EClass = modelFacet.metaClass.ecoreClass in _eClass_.ePackage.nsURI = 'http://www.hyperflex.org/componentmodels.rapyuta' and _eClass_.name = 'EndPointParameter') and (let _containmentMF_:ecore::EStructuralFeature = modelFacet.containmentMetaFeature.ecoreFeature in (let _eClass_:ecore::EClass = _containmentMF_.eContainingClass in _eClass_.ePackage.nsURI = 'http://www.hyperflex.org/componentmodels.rapyuta' and _eClass_.name = 'EndPoint') and _containmentMF_.name = 'parameters')">
    <nodeLabelTraces
        visualID="5028"
        queryText="true"/>
  </childNodeTraces>
  <childNodeTraces
      visualID="3071"
      queryText="(let _eClass_:ecore::EClass = modelFacet.metaClass.ecoreClass in _eClass_.ePackage.nsURI = 'http://www.hyperflex.org/componentmodels.rapyuta' and _eClass_.name = 'EndPointPublisher') and (let _containmentMF_:ecore::EStructuralFeature = modelFacet.containmentMetaFeature.ecoreFeature in (let _eClass_:ecore::EClass = _containmentMF_.eContainingClass in _eClass_.ePackage.nsURI = 'http://www.hyperflex.org/componentmodels.rapyuta' and _eClass_.name = 'EndPoint') and _containmentMF_.name = 'publishers')"/>
  <childNodeTraces
      visualID="3072"
      queryText="(let _eClass_:ecore::EClass = modelFacet.metaClass.ecoreClass in _eClass_.ePackage.nsURI = 'http://www.hyperflex.org/componentmodels.rapyuta' and _eClass_.name = 'EndPointSubscriber') and (let _containmentMF_:ecore::EStructuralFeature = modelFacet.containmentMetaFeature.ecoreFeature in (let _eClass_:ecore::EClass = _containmentMF_.eContainingClass in _eClass_.ePackage.nsURI = 'http://www.hyperflex.org/componentmodels.rapyuta' and _eClass_.name = 'EndPoint') and _containmentMF_.name = 'subscribers')"/>
  <childNodeTraces
      visualID="3073"
      queryText="(let _eClass_:ecore::EClass = modelFacet.metaClass.ecoreClass in _eClass_.ePackage.nsURI = 'http://www.hyperflex.org/componentmodels.rapyuta' and _eClass_.name = 'EndPointSrvServer') and (let _containmentMF_:ecore::EStructuralFeature = modelFacet.containmentMetaFeature.ecoreFeature in (let _eClass_:ecore::EClass = _containmentMF_.eContainingClass in _eClass_.ePackage.nsURI = 'http://www.hyperflex.org/componentmodels.rapyuta' and _eClass_.name = 'EndPoint') and _containmentMF_.name = 'srvServers')"/>
  <childNodeTraces
      visualID="3074"
      queryText="(let _eClass_:ecore::EClass = modelFacet.metaClass.ecoreClass in _eClass_.ePackage.nsURI = 'http://www.hyperflex.org/componentmodels.rapyuta' and _eClass_.name = 'EndPointSrvClient') and (let _containmentMF_:ecore::EStructuralFeature = modelFacet.containmentMetaFeature.ecoreFeature in (let _eClass_:ecore::EClass = _containmentMF_.eContainingClass in _eClass_.ePackage.nsURI = 'http://www.hyperflex.org/componentmodels.rapyuta' and _eClass_.name = 'EndPoint') and _containmentMF_.name = 'srvClients')"/>
  <childNodeTraces
      visualID="3075"
      queryText="(let _eClass_:ecore::EClass = modelFacet.metaClass.ecoreClass in _eClass_.ePackage.nsURI = 'http://www.hyperflex.org/componentmodels.rapyuta' and _eClass_.name = 'Topic') and (let _containmentMF_:ecore::EStructuralFeature = modelFacet.containmentMetaFeature.ecoreFeature in (let _eClass_:ecore::EClass = _containmentMF_.eContainingClass in _eClass_.ePackage.nsURI = 'http://www.hyperflex.org/componentmodels.rapyuta' and _eClass_.name = 'Container') and _containmentMF_.name = 'topics')">
    <nodeLabelTraces
        visualID="5030"
        queryText="true"/>
  </childNodeTraces>
  <childNodeTraces
      visualID="3076"
      queryText="(let _eClass_:ecore::EClass = modelFacet.metaClass.ecoreClass in _eClass_.ePackage.nsURI = 'http://www.hyperflex.org/componentmodels.rapyuta' and _eClass_.name = 'Composite') and (let _containmentMF_:ecore::EStructuralFeature = modelFacet.containmentMetaFeature.ecoreFeature in (let _eClass_:ecore::EClass = _containmentMF_.eContainingClass in _eClass_.ePackage.nsURI = 'http://www.hyperflex.org/componentmodels.rapyuta' and _eClass_.name = 'Container') and _containmentMF_.name = 'components')">
    <nodeLabelTraces
        visualID="5032"
        queryText="true"/>
  </childNodeTraces>
  <childNodeTraces
      visualID="3077"
      queryText="(let _eClass_:ecore::EClass = modelFacet.metaClass.ecoreClass in _eClass_.ePackage.nsURI = 'http://www.hyperflex.org/componentmodels.rapyuta' and _eClass_.name = 'RobotEndPoint') and (let _containmentMF_:ecore::EStructuralFeature = modelFacet.containmentMetaFeature.ecoreFeature in (let _eClass_:ecore::EClass = _containmentMF_.eContainingClass in _eClass_.ePackage.nsURI = 'http://www.hyperflex.org/componentmodels.rapyuta' and _eClass_.name = 'RobotContainer') and _containmentMF_.name = 'endPoint')">
    <nodeLabelTraces
        visualID="5033"
        queryText="true"/>
    <compartmentTraces
        visualID="7019"
        queryText="true"/>
  </childNodeTraces>
  <childNodeTraces
      visualID="3078"
      queryText="(let _eClass_:ecore::EClass = modelFacet.metaClass.ecoreClass in _eClass_.ePackage.nsURI = 'http://www.hyperflex.org/componentmodels.rapyuta' and _eClass_.name = 'Node') and (let _containmentMF_:ecore::EStructuralFeature = modelFacet.containmentMetaFeature.ecoreFeature in (let _eClass_:ecore::EClass = _containmentMF_.eContainingClass in _eClass_.ePackage.nsURI = 'http://www.hyperflex.org/componentmodels.rapyuta' and _eClass_.name = 'Container') and _containmentMF_.name = 'components')">
    <nodeLabelTraces
        visualID="5035"
        queryText="true"/>
    <compartmentTraces
        visualID="7021"
        queryText="true"/>
  </childNodeTraces>
  <childNodeTraces
      visualID="3079"
      queryText="(let _eClass_:ecore::EClass = modelFacet.metaClass.ecoreClass in _eClass_.ePackage.nsURI = 'http://www.hyperflex.org/componentmodels.rapyuta' and _eClass_.name = 'EnvironmentEndPoint') and (let _containmentMF_:ecore::EStructuralFeature = modelFacet.containmentMetaFeature.ecoreFeature in (let _eClass_:ecore::EClass = _containmentMF_.eContainingClass in _eClass_.ePackage.nsURI = 'http://www.hyperflex.org/componentmodels.rapyuta' and _eClass_.name = 'CloudContainer') and _containmentMF_.name = 'endPoint')">
    <nodeLabelTraces
        visualID="5036"
        queryText="true"/>
    <compartmentTraces
        visualID="7022"
        queryText="true"/>
  </childNodeTraces>
  <childNodeTraces
      visualID="3080"
      queryText="(let _eClass_:ecore::EClass = modelFacet.metaClass.ecoreClass in _eClass_.ePackage.nsURI = 'http://www.hyperflex.org/componentmodels.rapyuta' and _eClass_.name = 'Topic') and (let _containmentMF_:ecore::EStructuralFeature = modelFacet.containmentMetaFeature.ecoreFeature in (let _eClass_:ecore::EClass = _containmentMF_.eContainingClass in _eClass_.ePackage.nsURI = 'http://www.hyperflex.org/componentmodels.rapyuta' and _eClass_.name = 'Container') and _containmentMF_.name = 'topics')">
    <nodeLabelTraces
        visualID="5037"
        queryText="true"/>
  </childNodeTraces>
  <childNodeTraces
      visualID="3081"
      queryText="(let _eClass_:ecore::EClass = modelFacet.metaClass.ecoreClass in _eClass_.ePackage.nsURI = 'http://www.hyperflex.org/componentmodels.rapyuta' and _eClass_.name = 'Composite') and (let _containmentMF_:ecore::EStructuralFeature = modelFacet.containmentMetaFeature.ecoreFeature in (let _eClass_:ecore::EClass = _containmentMF_.eContainingClass in _eClass_.ePackage.nsURI = 'http://www.hyperflex.org/componentmodels.rapyuta' and _eClass_.name = 'Container') and _containmentMF_.name = 'components')">
    <nodeLabelTraces
        visualID="5038"
        queryText="true"/>
  </childNodeTraces>
  <linkTraces
      visualID="4011"
      queryText="modelFacet.oclIsKindOf(gmfgen::FeatureLinkModelFacet) and (let _feature_:ecore::EStructuralFeature = modelFacet.oclAsType(gmfgen::FeatureLinkModelFacet).metaFeature.ecoreFeature in (let _eClass_:ecore::EClass = _feature_.eContainingClass in _eClass_.ePackage.nsURI = 'http://www.hyperflex.org/componentmodels.rapyuta' and _eClass_.name = 'MsgInterface') and _feature_.name = 'connection')"/>
  <linkTraces
      visualID="4012"
      queryText="modelFacet.oclIsKindOf(gmfgen::FeatureLinkModelFacet) and (let _feature_:ecore::EStructuralFeature = modelFacet.oclAsType(gmfgen::FeatureLinkModelFacet).metaFeature.ecoreFeature in (let _eClass_:ecore::EClass = _feature_.eContainingClass in _eClass_.ePackage.nsURI = 'http://www.hyperflex.org/componentmodels.rapyuta' and _eClass_.name = 'MsgInterface') and _feature_.name = 'connection')"/>
  <linkTraces
      visualID="4013"
      queryText="modelFacet.oclIsKindOf(gmfgen::FeatureLinkModelFacet) and (let _feature_:ecore::EStructuralFeature = modelFacet.oclAsType(gmfgen::FeatureLinkModelFacet).metaFeature.ecoreFeature in (let _eClass_:ecore::EClass = _feature_.eContainingClass in _eClass_.ePackage.nsURI = 'http://www.hyperflex.org/componentmodels.rapyuta' and _eClass_.name = 'CompositeMsgInterface') and _feature_.name = 'exposed')"/>
  <linkTraces
      visualID="4014"
      queryText="modelFacet.oclIsKindOf(gmfgen::FeatureLinkModelFacet) and (let _feature_:ecore::EStructuralFeature = modelFacet.oclAsType(gmfgen::FeatureLinkModelFacet).metaFeature.ecoreFeature in (let _eClass_:ecore::EClass = _feature_.eContainingClass in _eClass_.ePackage.nsURI = 'http://www.hyperflex.org/componentmodels.rapyuta' and _eClass_.name = 'CompositeMsgInterface') and _feature_.name = 'exposed')"/>
  <linkTraces
      visualID="4015"
      queryText="modelFacet.oclIsKindOf(gmfgen::TypeLinkModelFacet) and (let _eClass_:ecore::EClass = modelFacet.oclAsType(gmfgen::TypeLinkModelFacet).metaClass.ecoreClass in _eClass_.ePackage.nsURI = 'http://www.hyperflex.org/componentmodels.rapyuta' and _eClass_.name = 'EndPointSrvConnection')">
    <linkLabelTraces
        visualID="6007"
        queryText="true"/>
  </linkTraces>
  <linkTraces
      visualID="4016"
      queryText="modelFacet.oclIsKindOf(gmfgen::TypeLinkModelFacet) and (let _eClass_:ecore::EClass = modelFacet.oclAsType(gmfgen::TypeLinkModelFacet).metaClass.ecoreClass in _eClass_.ePackage.nsURI = 'http://www.hyperflex.org/componentmodels.rapyuta' and _eClass_.name = 'EndPointMsgConnection')">
    <linkLabelTraces
        visualID="6008"
        queryText="true"/>
  </linkTraces>
  <linkTraces
      visualID="4017"
      queryText="modelFacet.oclIsKindOf(gmfgen::TypeLinkModelFacet) and (let _eClass_:ecore::EClass = modelFacet.oclAsType(gmfgen::TypeLinkModelFacet).metaClass.ecoreClass in _eClass_.ePackage.nsURI = 'http://www.hyperflex.org/componentmodels.rapyuta' and _eClass_.name = 'CompositeSrvConnection')">
    <linkLabelTraces
        visualID="6009"
        queryText="true"/>
  </linkTraces>
  <linkTraces
      visualID="4018"
      queryText="modelFacet.oclIsKindOf(gmfgen::TypeLinkModelFacet) and (let _eClass_:ecore::EClass = modelFacet.oclAsType(gmfgen::TypeLinkModelFacet).metaClass.ecoreClass in _eClass_.ePackage.nsURI = 'http://www.hyperflex.org/componentmodels.rapyuta' and _eClass_.name = 'ContainerSrvConnection')">
    <linkLabelTraces
        visualID="6010"
        queryText="true"/>
  </linkTraces>
</trace:TraceModel>
